2020-05-10 13:44:17.459  WARN 13456 --- [restartedMain] c.c.c.ConfigServicePropertySourceLocator : Could not locate PropertySource: I/O error on GET request for "http://localhost:8888/analysis/default": Connection refused: connect; nested exception is java.net.ConnectException: Connection refused: connect
2020-05-10 13:44:17.462  INFO 13456 --- [restartedMain] c.c.r.AnalysisReportApplication          : No active profile set, falling back to default profiles: default
2020-05-10 13:44:19.095  WARN 13456 --- [restartedMain] c.n.c.sources.URLConfigurationSource     : No URLs will be polled as dynamic configuration sources.
2020-05-10 13:44:20.551  WARN 13456 --- [restartedMain] o.s.b.d.a.OptionalLiveReloadServer       : Unable to start LiveReload server
2020-05-10 13:44:20.822  WARN 13456 --- [restartedMain] JpaBaseConfiguration$JpaWebConfiguration : spring.jpa.open-in-view is enabled by default. Therefore, database queries may be performed during view rendering. Explicitly configure spring.jpa.open-in-view to disable this warning
2020-05-10 13:44:21.088  WARN 13456 --- [restartedMain] c.n.c.sources.URLConfigurationSource     : No URLs will be polled as dynamic configuration sources.
2020-05-10 13:44:21.984  WARN 13456 --- [restartedMain] ockingLoadBalancerClientRibbonWarnLogger : You already have RibbonLoadBalancerClient on your classpath. It will be used by default. As Spring Cloud Ribbon is in maintenance mode. We recommend switching to BlockingLoadBalancerClient instead. In order to use it, set the value of `spring.cloud.loadbalancer.ribbon.enabled` to `false` or remove spring-cloud-starter-netflix-ribbon from your project.
2020-05-10 13:44:22.803  INFO 13456 --- [restartedMain] c.c.r.AnalysisReportApplication          : Started AnalysisReportApplication in 8.518 seconds (JVM running for 661.998)
2020-05-10 13:44:28.996  WARN 13456 --- [Thread-36] com.netflix.discovery.DiscoveryClient    : Saw local status change event StatusChangeEvent [timestamp=1589098468996, current=DOWN, previous=UP]
2020-05-10 13:44:36.079  WARN 13456 --- [restartedMain] c.c.c.ConfigServicePropertySourceLocator : Could not locate PropertySource: I/O error on GET request for "http://localhost:8888/analysis/default": Connection refused: connect; nested exception is java.net.ConnectException: Connection refused: connect
2020-05-10 13:44:36.080  INFO 13456 --- [restartedMain] c.c.r.AnalysisReportApplication          : No active profile set, falling back to default profiles: default
2020-05-10 13:44:37.640  WARN 13456 --- [restartedMain] c.n.c.sources.URLConfigurationSource     : No URLs will be polled as dynamic configuration sources.
2020-05-10 13:44:38.756  WARN 13456 --- [restartedMain] o.s.b.d.a.OptionalLiveReloadServer       : Unable to start LiveReload server
2020-05-10 13:44:39.178  WARN 13456 --- [restartedMain] JpaBaseConfiguration$JpaWebConfiguration : spring.jpa.open-in-view is enabled by default. Therefore, database queries may be performed during view rendering. Explicitly configure spring.jpa.open-in-view to disable this warning
2020-05-10 13:44:39.438  WARN 13456 --- [restartedMain] c.n.c.sources.URLConfigurationSource     : No URLs will be polled as dynamic configuration sources.
2020-05-10 13:44:40.328  WARN 13456 --- [restartedMain] ockingLoadBalancerClientRibbonWarnLogger : You already have RibbonLoadBalancerClient on your classpath. It will be used by default. As Spring Cloud Ribbon is in maintenance mode. We recommend switching to BlockingLoadBalancerClient instead. In order to use it, set the value of `spring.cloud.loadbalancer.ribbon.enabled` to `false` or remove spring-cloud-starter-netflix-ribbon from your project.
2020-05-10 13:44:41.147  INFO 13456 --- [restartedMain] c.c.r.AnalysisReportApplication          : Started AnalysisReportApplication in 8.168 seconds (JVM running for 680.342)
2020-05-10 13:44:52.395  WARN 13456 --- [Thread-44] com.netflix.discovery.DiscoveryClient    : Saw local status change event StatusChangeEvent [timestamp=1589098492395, current=DOWN, previous=UP]
2020-05-10 13:44:59.224  WARN 13456 --- [restartedMain] c.c.c.ConfigServicePropertySourceLocator : Could not locate PropertySource: I/O error on GET request for "http://localhost:8888/analysis/default": Connection refused: connect; nested exception is java.net.ConnectException: Connection refused: connect
2020-05-10 13:44:59.226  INFO 13456 --- [restartedMain] c.c.r.AnalysisReportApplication          : No active profile set, falling back to default profiles: default
2020-05-10 13:45:00.758  WARN 13456 --- [restartedMain] c.n.c.sources.URLConfigurationSource     : No URLs will be polled as dynamic configuration sources.
2020-05-10 13:45:01.816  WARN 13456 --- [restartedMain] o.s.b.d.a.OptionalLiveReloadServer       : Unable to start LiveReload server
2020-05-10 13:45:02.125  WARN 13456 --- [restartedMain] JpaBaseConfiguration$JpaWebConfiguration : spring.jpa.open-in-view is enabled by default. Therefore, database queries may be performed during view rendering. Explicitly configure spring.jpa.open-in-view to disable this warning
2020-05-10 13:45:02.380  WARN 13456 --- [restartedMain] c.n.c.sources.URLConfigurationSource     : No URLs will be polled as dynamic configuration sources.
2020-05-10 13:45:03.342  WARN 13456 --- [restartedMain] ockingLoadBalancerClientRibbonWarnLogger : You already have RibbonLoadBalancerClient on your classpath. It will be used by default. As Spring Cloud Ribbon is in maintenance mode. We recommend switching to BlockingLoadBalancerClient instead. In order to use it, set the value of `spring.cloud.loadbalancer.ribbon.enabled` to `false` or remove spring-cloud-starter-netflix-ribbon from your project.
2020-05-10 13:45:04.084  INFO 13456 --- [restartedMain] c.c.r.AnalysisReportApplication          : Started AnalysisReportApplication in 7.962 seconds (JVM running for 703.279)
2020-05-10 13:45:13.813  WARN 13456 --- [Thread-52] com.netflix.discovery.DiscoveryClient    : Saw local status change event StatusChangeEvent [timestamp=1589098513813, current=DOWN, previous=UP]
2020-05-10 13:45:29.327  WARN 13456 --- [restartedMain] c.c.c.ConfigServicePropertySourceLocator : Could not locate PropertySource: I/O error on GET request for "http://localhost:8888/analysis/default": Connection refused: connect; nested exception is java.net.ConnectException: Connection refused: connect
2020-05-10 13:45:29.329  INFO 13456 --- [restartedMain] c.c.r.AnalysisReportApplication          : No active profile set, falling back to default profiles: default
2020-05-10 13:45:54.740  WARN 13456 --- [restartedMain] c.n.c.sources.URLConfigurationSource     : No URLs will be polled as dynamic configuration sources.
2020-05-10 13:46:00.608  WARN 13456 --- [restartedMain] o.s.b.d.a.OptionalLiveReloadServer       : Unable to start LiveReload server
2020-05-10 13:46:01.638  WARN 13456 --- [restartedMain] JpaBaseConfiguration$JpaWebConfiguration : spring.jpa.open-in-view is enabled by default. Therefore, database queries may be performed during view rendering. Explicitly configure spring.jpa.open-in-view to disable this warning
2020-05-10 13:46:01.960  WARN 13456 --- [restartedMain] c.n.c.sources.URLConfigurationSource     : No URLs will be polled as dynamic configuration sources.
2020-05-10 13:46:03.642  WARN 13456 --- [restartedMain] ockingLoadBalancerClientRibbonWarnLogger : You already have RibbonLoadBalancerClient on your classpath. It will be used by default. As Spring Cloud Ribbon is in maintenance mode. We recommend switching to BlockingLoadBalancerClient instead. In order to use it, set the value of `spring.cloud.loadbalancer.ribbon.enabled` to `false` or remove spring-cloud-starter-netflix-ribbon from your project.
2020-05-10 13:46:07.402  INFO 13456 --- [restartedMain] c.c.r.AnalysisReportApplication          : Started AnalysisReportApplication in 44.553 seconds (JVM running for 766.596)
2020-05-10 13:46:07.835  WARN 13456 --- [Thread-60] com.netflix.discovery.DiscoveryClient    : Saw local status change event StatusChangeEvent [timestamp=1589098567835, current=DOWN, previous=UP]
2020-05-10 13:46:16.236  WARN 13456 --- [restartedMain] c.c.c.ConfigServicePropertySourceLocator : Could not locate PropertySource: I/O error on GET request for "http://localhost:8888/analysis/default": Connection refused: connect; nested exception is java.net.ConnectException: Connection refused: connect
2020-05-10 13:46:18.845  WARN 13456 --- [restartedMain] c.n.c.sources.URLConfigurationSource     : No URLs will be polled as dynamic configuration sources.
2020-05-10 13:46:22.278  WARN 13456 --- [restartedMain] o.s.b.d.a.OptionalLiveReloadServer       : Unable to start LiveReload server
2020-05-10 13:46:22.780  WARN 13456 --- [restartedMain] JpaBaseConfiguration$JpaWebConfiguration : spring.jpa.open-in-view is enabled by default. Therefore, database queries may be performed during view rendering. Explicitly configure spring.jpa.open-in-view to disable this warning
2020-05-10 13:46:23.302  WARN 13456 --- [restartedMain] c.n.c.sources.URLConfigurationSource     : No URLs will be polled as dynamic configuration sources.
2020-05-10 13:46:24.587  WARN 13456 --- [restartedMain] ockingLoadBalancerClientRibbonWarnLogger : You already have RibbonLoadBalancerClient on your classpath. It will be used by default. As Spring Cloud Ribbon is in maintenance mode. We recommend switching to BlockingLoadBalancerClient instead. In order to use it, set the value of `spring.cloud.loadbalancer.ribbon.enabled` to `false` or remove spring-cloud-starter-netflix-ribbon from your project.
2020-05-10 13:46:41.634  WARN 13456 --- [Thread-68] com.netflix.discovery.DiscoveryClient    : Saw local status change event StatusChangeEvent [timestamp=1589098601634, current=DOWN, previous=UP]
2020-05-10 13:46:49.470  WARN 13456 --- [restartedMain] c.c.c.ConfigServicePropertySourceLocator : Could not locate PropertySource: I/O error on GET request for "http://localhost:8888/analysis/default": Connection refused: connect; nested exception is java.net.ConnectException: Connection refused: connect
2020-05-10 13:46:51.726  WARN 13456 --- [restartedMain] c.n.c.sources.URLConfigurationSource     : No URLs will be polled as dynamic configuration sources.
2020-05-10 13:46:53.998  WARN 13456 --- [restartedMain] o.s.b.d.a.OptionalLiveReloadServer       : Unable to start LiveReload server
2020-05-10 13:46:54.256  WARN 13456 --- [restartedMain] JpaBaseConfiguration$JpaWebConfiguration : spring.jpa.open-in-view is enabled by default. Therefore, database queries may be performed during view rendering. Explicitly configure spring.jpa.open-in-view to disable this warning
2020-05-10 13:46:54.518  WARN 13456 --- [restartedMain] c.n.c.sources.URLConfigurationSource     : No URLs will be polled as dynamic configuration sources.
2020-05-10 13:46:55.796  WARN 13456 --- [restartedMain] ockingLoadBalancerClientRibbonWarnLogger : You already have RibbonLoadBalancerClient on your classpath. It will be used by default. As Spring Cloud Ribbon is in maintenance mode. We recommend switching to BlockingLoadBalancerClient instead. In order to use it, set the value of `spring.cloud.loadbalancer.ribbon.enabled` to `false` or remove spring-cloud-starter-netflix-ribbon from your project.
2020-05-10 13:48:35.159  WARN 13456 --- [Thread-76] com.netflix.discovery.DiscoveryClient    : Saw local status change event StatusChangeEvent [timestamp=1589098715159, current=DOWN, previous=UP]
